{
  "RSpec": {
    "coverage": {
      "D:/ElectivesxGoAcademy/Advanced/library-final-project-electives/spec/adapter/slot_id_to_shelf_adapter_spec.rb": {
        "lines": [
          1,
          null,
          1,
          2,
          1,
          1,
          1,
          1,
          1,
          null,
          null,
          null
        ]
      },
      "D:/ElectivesxGoAcademy/Advanced/library-final-project-electives/app/adapter/slot_id_to_shelf_adapter.rb": {
        "lines": [
          1,
          null,
          1,
          1,
          1,
          null,
          null
        ]
      },
      "D:/ElectivesxGoAcademy/Advanced/library-final-project-electives/app/model/shelf.rb": {
        "lines": [
          1,
          1,
          null,
          1,
          21,
          21,
          21,
          null,
          null,
          1,
          3,
          2,
          1,
          null,
          1,
          null,
          null,
          1,
          3,
          3,
          3,
          3,
          null,
          null,
          1,
          null,
          1,
          3,
          3,
          2,
          null,
          2,
          null,
          null,
          1,
          2,
          2,
          2,
          null,
          1,
          null,
          null,
          1,
          1,
          1,
          1,
          null,
          1,
          null,
          null,
          1,
          9,
          6,
          null,
          3,
          null,
          null,
          null
        ]
      },
      "D:/ElectivesxGoAcademy/Advanced/library-final-project-electives/spec/model/book_shelf_spec.rb": {
        "lines": [
          1,
          1,
          1,
          null,
          1,
          2,
          3,
          3,
          3,
          null,
          1,
          1,
          1,
          1,
          1,
          1,
          null,
          null,
          null,
          1,
          1,
          1,
          1,
          1,
          1,
          null,
          null,
          1,
          1,
          1,
          1,
          1,
          null,
          null,
          null
        ]
      },
      "D:/ElectivesxGoAcademy/Advanced/library-final-project-electives/app/model/book_shelf.rb": {
        "lines": [
          1,
          1,
          null,
          1,
          15,
          15,
          null,
          null,
          1,
          2,
          1,
          null,
          null,
          1,
          1,
          null,
          null,
          null
        ]
      },
      "D:/ElectivesxGoAcademy/Advanced/library-final-project-electives/app/model/book.rb": {
        "lines": [
          1,
          1,
          null,
          1,
          20,
          20,
          20,
          null,
          null,
          1,
          2,
          1,
          1,
          null,
          1,
          null,
          null,
          1,
          4,
          2,
          2,
          null,
          2,
          null,
          null,
          1,
          2,
          null,
          null,
          1,
          null,
          1,
          6,
          6,
          null,
          3,
          null,
          null,
          1,
          3,
          3,
          null,
          1,
          null,
          null,
          1,
          3,
          3,
          null,
          1,
          null,
          null
        ]
      },
      "D:/ElectivesxGoAcademy/Advanced/library-final-project-electives/spec/model/book_spec.rb": {
        "lines": [
          1,
          null,
          1,
          4,
          4,
          4,
          null,
          1,
          1,
          1,
          1,
          1,
          null,
          null,
          1,
          1,
          1,
          null,
          null,
          null,
          1,
          1,
          1,
          1,
          null,
          null,
          1,
          1,
          1,
          null,
          null,
          null,
          1,
          1,
          1,
          1,
          null,
          null,
          null,
          null
        ]
      },
      "D:/ElectivesxGoAcademy/Advanced/library-final-project-electives/spec/model/library_spec.rb": {
        "lines": [
          1,
          null,
          1,
          1,
          1,
          1,
          1,
          1,
          null,
          null,
          1,
          1,
          1,
          1,
          null,
          null,
          null
        ]
      },
      "D:/ElectivesxGoAcademy/Advanced/library-final-project-electives/app/model/library.rb": {
        "lines": [
          1,
          1,
          null,
          1,
          1,
          null,
          null,
          1,
          null,
          1,
          1,
          1,
          4,
          12,
          null,
          null,
          null,
          1,
          null,
          null,
          1,
          3,
          null,
          null,
          1,
          null,
          null
        ]
      },
      "D:/ElectivesxGoAcademy/Advanced/library-final-project-electives/spec/model/shelf_spec.rb": {
        "lines": [
          1,
          null,
          1,
          1,
          1,
          1,
          1,
          1,
          null,
          1,
          1,
          1,
          null,
          1,
          1,
          1,
          null,
          null,
          null,
          1,
          1,
          1,
          1,
          null,
          1,
          1,
          1,
          null,
          null,
          null
        ]
      }
    },
    "timestamp": 1614102870
  }
}
