{
  "RSpec": {
    "coverage": {
      "D:/ElectivesxGoAcademy/Advanced/library-final-project-electives/spec/model/book_shelf_spec.rb": {
        "lines": [
          1,
          1,
          1,
          null,
          1,
          2,
          3,
          3,
          3,
          null,
          1,
          1,
          1,
          1,
          1,
          1,
          null,
          null,
          null,
          1,
          1,
          1,
          1,
          1,
          1,
          null,
          null,
          1,
          1,
          1,
          1,
          1,
          null,
          null,
          null
        ]
      },
      "D:/ElectivesxGoAcademy/Advanced/library-final-project-electives/app/model/book_shelf.rb": {
        "lines": [
          1,
          1,
          null,
          1,
          3,
          3,
          null,
          null,
          1,
          2,
          1,
          null,
          null,
          1,
          1,
          null,
          null,
          null
        ]
      },
      "D:/ElectivesxGoAcademy/Advanced/library-final-project-electives/app/model/shelf.rb": {
        "lines": [
          1,
          1,
          null,
          1,
          8,
          8,
          8,
          null,
          null,
          1,
          3,
          2,
          1,
          null,
          1,
          null,
          null,
          1,
          3,
          3,
          3,
          3,
          null,
          null,
          1,
          null,
          1,
          3,
          3,
          2,
          null,
          2,
          null,
          null,
          1,
          2,
          2,
          2,
          null,
          1,
          null,
          null,
          1,
          1,
          1,
          1,
          null,
          1,
          null,
          null,
          1,
          9,
          6,
          null,
          3,
          null,
          null,
          null
        ]
      },
      "D:/ElectivesxGoAcademy/Advanced/library-final-project-electives/app/model/book.rb": {
        "lines": [
          1,
          1,
          null,
          1,
          8,
          8,
          8,
          null,
          null,
          1,
          2,
          1,
          1,
          null,
          1,
          null,
          null,
          1,
          4,
          2,
          2,
          null,
          2,
          null,
          null,
          1,
          2,
          null,
          null,
          1,
          null,
          1,
          6,
          6,
          null,
          3,
          null,
          null,
          1,
          3,
          3,
          null,
          1,
          null,
          null,
          1,
          3,
          3,
          null,
          1,
          null,
          null
        ]
      },
      "D:/ElectivesxGoAcademy/Advanced/library-final-project-electives/spec/model/book_spec.rb": {
        "lines": [
          1,
          null,
          1,
          4,
          4,
          4,
          null,
          1,
          1,
          1,
          1,
          1,
          null,
          null,
          1,
          1,
          1,
          null,
          null,
          null,
          1,
          1,
          1,
          1,
          null,
          null,
          1,
          1,
          1,
          null,
          null,
          null,
          1,
          1,
          1,
          1,
          null,
          null,
          null,
          null
        ]
      },
      "D:/ElectivesxGoAcademy/Advanced/library-final-project-electives/spec/model/shelf_spec.rb": {
        "lines": [
          1,
          null,
          1,
          1,
          1,
          1,
          1,
          1,
          null,
          1,
          1,
          1,
          null,
          1,
          1,
          1,
          null,
          null,
          null,
          1,
          1,
          1,
          1,
          null,
          1,
          1,
          1,
          null,
          null,
          null
        ]
      }
    },
    "timestamp": 1614068186
  }
}
